<?xml version="1.0" encoding="UTF-8"?>
<!-- Generated by org.testng.reporters.JUnitReportReporter -->
<testsuite skipped="0" hostname="LTPCHE082076955" name="MobileAutomation.MobileAutomation" tests="2" failures="0" timestamp="2020-06-13T18:55:39 IST" time="109.985" errors="0">
  <testcase name="launchApp" time="73.656" classname="MobileAutomation.MobileAutomation"/>
  <system-out/>
  <testcase name="saveData" time="36.329" classname="MobileAutomation.MobileAutomation"/>
  <system-out/>
</testsuite> <!-- MobileAutomation.MobileAutomation -->
