<?xml version="1.0" encoding="UTF-8"?>
<!-- Generated by org.testng.reporters.JUnitReportReporter -->
<testsuite skipped="0" hostname="LTPCHE082076955" name="MobileAutomation2" tests="2" failures="0" timestamp="2020-06-01T13:32:27 IST" time="82.966" errors="0">
  <testcase name="launchApp" time="62.251" classname="MobileAutomation2"/>
  <system-out/>
  <testcase name="saveData" time="20.715" classname="MobileAutomation2"/>
  <system-out/>
</testsuite> <!-- MobileAutomation2 -->
