<?xml version="1.0" encoding="UTF-8"?>
<!-- Generated by org.testng.reporters.JUnitReportReporter -->
<testsuite skipped="0" hostname="LTPCHE082076955" name="MobileAutomation" tests="3" failures="0" timestamp="2020-06-10T22:27:44 IST" time="156.097" errors="0">
  <testcase name="launchApp" time="63.289" classname="MobileAutomation"/>
  <system-out/>
  <testcase name="saveData" time="22.120" classname="MobileAutomation"/>
  <system-out/>
  <testcase name="launchApp2" time="70.688" classname="MobileAutomation"/>
  <system-out/>
</testsuite> <!-- MobileAutomation -->
