<?xml version="1.0" encoding="UTF-8"?>
<!-- Generated by org.testng.reporters.JUnitReportReporter -->
<testsuite skipped="0" hostname="LTPCHE102076955" name="com.mobileAutomation.MobileAutomation" tests="2" failures="0" timestamp="2020-08-11T12:36:40 IST" time="47.442" errors="0">
  <testcase name="launchApp" time="46.735" classname="com.mobileAutomation.MobileAutomation"/>
  <system-out/>
  <testcase name="CloseApp" time="0.707" classname="com.mobileAutomation.MobileAutomation"/>
  <system-out/>
</testsuite> <!-- com.mobileAutomation.MobileAutomation -->
