<?xml version="1.0" encoding="UTF-8"?>
<!-- Generated by org.testng.reporters.JUnitReportReporter -->
<testsuite skipped="0" hostname="LTPCHE082076955" name="Clock" tests="2" failures="0" timestamp="2020-05-31T22:40:00 IST" time="84.501" errors="0">
  <testcase name="launchApp" time="70.845" classname="Clock"/>
  <system-out/>
  <testcase name="saveData" time="13.656" classname="Clock"/>
  <system-out/>
</testsuite> <!-- Clock -->
