<?xml version="1.0" encoding="UTF-8"?>
<!-- Generated by org.testng.reporters.JUnitReportReporter -->
<testsuite skipped="0" hostname="LTPCHE102076955" name="com.mobileAutomation.MobileEmulatorAutomation" tests="2" failures="0" timestamp="2020-08-12T17:47:46 IST" time="37.569" errors="0">
  <testcase name="launchApp" time="36.616" classname="com.mobileAutomation.MobileEmulatorAutomation"/>
  <system-out/>
  <testcase name="CloseApp" time="0.953" classname="com.mobileAutomation.MobileEmulatorAutomation"/>
  <system-out/>
</testsuite> <!-- com.mobileAutomation.MobileEmulatorAutomation -->
